\BOOKMARK [1][-]{section.1}{\376\377\000I\000n\000t\000r\000o\000d\000u\000c\000t\000i\000o\000n}{}% 1
\BOOKMARK [1][-]{section.2}{\376\377\000R\000e\000l\000a\000t\000e\000d\000\040\000W\000o\000r\000k}{}% 2
\BOOKMARK [2][-]{subsection.2.1}{\376\377\000M\000u\000l\000t\000i\000-\000A\000g\000e\000n\000t\000\040\000R\000e\000a\000s\000o\000n\000i\000n\000g}{section.2}% 3
\BOOKMARK [2][-]{subsection.2.2}{\376\377\000C\000o\000g\000n\000i\000t\000i\000v\000e\000\040\000A\000r\000c\000h\000i\000t\000e\000c\000t\000u\000r\000e\000s}{section.2}% 4
\BOOKMARK [2][-]{subsection.2.3}{\376\377\000P\000a\000r\000a\000m\000e\000t\000e\000r\000-\000E\000f\000f\000i\000c\000i\000e\000n\000t\000\040\000A\000d\000a\000p\000t\000a\000t\000i\000o\000n}{section.2}% 5
\BOOKMARK [2][-]{subsection.2.4}{\376\377\000E\000p\000i\000s\000t\000e\000m\000i\000c\000\040\000U\000n\000c\000e\000r\000t\000a\000i\000n\000t\000y\000\040\000a\000n\000d\000\040\000C\000a\000l\000i\000b\000r\000a\000t\000i\000o\000n}{section.2}% 6
\BOOKMARK [1][-]{section.3}{\376\377\000T\000h\000e\000o\000r\000e\000t\000i\000c\000a\000l\000\040\000F\000o\000u\000n\000d\000a\000t\000i\000o\000n\000:\000\040\000R\000C\000+\000\040\000F\000r\000a\000m\000e\000w\000o\000r\000k}{}% 7
\BOOKMARK [2][-]{subsection.3.1}{\376\377\000C\000o\000g\000n\000i\000t\000i\000v\000e\000\040\000S\000t\000a\000t\000e\000\040\000S\000p\000a\000c\000e}{section.3}% 8
\BOOKMARK [2][-]{subsection.3.2}{\376\377\000S\000t\000a\000t\000e\000\040\000E\000v\000o\000l\000u\000t\000i\000o\000n}{section.3}% 9
\BOOKMARK [2][-]{subsection.3.3}{\376\377\000E\000p\000i\000s\000t\000e\000m\000i\000c\000\040\000T\000e\000n\000s\000i\000o\000n}{section.3}% 10
\BOOKMARK [2][-]{subsection.3.4}{\376\377\000P\000h\000a\000s\000e\000\040\000C\000o\000h\000e\000r\000e\000n\000c\000e}{section.3}% 11
\BOOKMARK [2][-]{subsection.3.5}{\376\377\000C\000o\000n\000v\000e\000r\000g\000e\000n\000c\000e}{section.3}% 12
\BOOKMARK [1][-]{section.4}{\376\377\000S\000y\000s\000t\000e\000m\000\040\000A\000r\000c\000h\000i\000t\000e\000c\000t\000u\000r\000e}{}% 13
\BOOKMARK [2][-]{subsection.4.1}{\376\377\000Q\000u\000e\000r\000y\000\040\000C\000l\000a\000s\000s\000i\000f\000i\000c\000a\000t\000i\000o\000n\000\040\000a\000n\000d\000\040\000R\000o\000u\000t\000i\000n\000g}{section.4}% 14
\BOOKMARK [1][-]{section.5}{\376\377\000A\000E\000G\000I\000S\000:\000\040\000E\000m\000b\000e\000d\000d\000e\000d\000\040\000E\000t\000h\000i\000c\000a\000l\000\040\000G\000o\000v\000e\000r\000n\000a\000n\000c\000e}{}% 15
\BOOKMARK [1][-]{section.6}{\376\377\000M\000e\000t\000a\000-\000C\000o\000g\000n\000i\000t\000i\000v\000e\000\040\000S\000t\000r\000a\000t\000e\000g\000y\000\040\000E\000v\000o\000l\000u\000t\000i\000o\000n}{}% 16
\BOOKMARK [2][-]{subsection.6.1}{\376\377\000C\000o\000c\000o\000o\000n\000\040\000M\000e\000m\000o\000r\000y\000\040\000S\000y\000s\000t\000e\000m}{section.6}% 17
\BOOKMARK [2][-]{subsection.6.2}{\376\377\000C\000r\000o\000s\000s\000-\000D\000o\000m\000a\000i\000n\000\040\000P\000a\000t\000t\000e\000r\000n\000\040\000E\000x\000t\000r\000a\000c\000t\000i\000o\000n}{section.6}% 18
\BOOKMARK [2][-]{subsection.6.3}{\376\377\000S\000t\000r\000a\000t\000e\000g\000y\000\040\000F\000o\000r\000g\000i\000n\000g}{section.6}% 19
\BOOKMARK [2][-]{subsection.6.4}{\376\377\000I\000n\000t\000e\000r\000n\000a\000l\000\040\000V\000a\000l\000i\000d\000a\000t\000i\000o\000n}{section.6}% 20
\BOOKMARK [1][-]{section.7}{\376\377\000E\000x\000p\000e\000r\000i\000m\000e\000n\000t\000a\000l\000\040\000E\000v\000a\000l\000u\000a\000t\000i\000o\000n}{}% 21
\BOOKMARK [2][-]{subsection.7.1}{\376\377\000B\000e\000n\000c\000h\000m\000a\000r\000k\000\040\000D\000e\000s\000i\000g\000n}{section.7}% 22
\BOOKMARK [2][-]{subsection.7.2}{\376\377\000E\000x\000p\000e\000r\000i\000m\000e\000n\000t\000a\000l\000\040\000C\000o\000n\000d\000i\000t\000i\000o\000n\000s}{section.7}% 23
\BOOKMARK [2][-]{subsection.7.3}{\376\377\000S\000c\000o\000r\000i\000n\000g\000\040\000D\000i\000m\000e\000n\000s\000i\000o\000n\000s}{section.7}% 24
\BOOKMARK [2][-]{subsection.7.4}{\376\377\000R\000e\000s\000u\000l\000t\000s}{section.7}% 25
\BOOKMARK [2][-]{subsection.7.5}{\376\377\000P\000e\000r\000-\000C\000a\000t\000e\000g\000o\000r\000y\000\040\000A\000n\000a\000l\000y\000s\000i\000s}{section.7}% 26
\BOOKMARK [2][-]{subsection.7.6}{\376\377\000T\000h\000e\000\040\000D\000e\000p\000t\000h\040\023\000N\000a\000t\000u\000r\000a\000l\000n\000e\000s\000s\000\040\000T\000r\000a\000d\000e\000o\000f\000f}{section.7}% 27
\BOOKMARK [1][-]{section.8}{\376\377\000C\000o\000c\000o\000o\000n\000\040\000S\000y\000n\000t\000h\000e\000s\000i\000s\000\040\000C\000a\000s\000e\000\040\000S\000t\000u\000d\000y}{}% 28
\BOOKMARK [1][-]{section.9}{\376\377\000S\000u\000b\000s\000t\000r\000a\000t\000e\000-\000A\000w\000a\000r\000e\000\040\000C\000o\000g\000n\000i\000t\000i\000o\000n}{}% 29
\BOOKMARK [1][-]{section.10}{\376\377\000L\000i\000m\000i\000t\000a\000t\000i\000o\000n\000s\000\040\000a\000n\000d\000\040\000H\000o\000n\000e\000s\000t\000\040\000A\000s\000s\000e\000s\000s\000m\000e\000n\000t}{}% 30
\BOOKMARK [1][-]{section.11}{\376\377\000C\000o\000n\000c\000l\000u\000s\000i\000o\000n\000\040\000a\000n\000d\000\040\000F\000u\000t\000u\000r\000e\000\040\000W\000o\000r\000k}{}% 31
